2025-03-09 09:37:22,990	INFO worker.py:1841 -- Started a local Ray instance.
[36m(PoolActor pid=16356)[0m *** SIGSEGV received at time=1741527622 on cpu 117 ***
[36m(PoolActor pid=16356)[0m PC: @     0x15466ff57cfe  (unknown)  ray::gcs::TaskInfoAccessor::AsyncAddTaskEventData()
[36m(PoolActor pid=16356)[0m     @     0x15467ebd6d10       1792  (unknown)
[36m(PoolActor pid=16356)[0m     @     0x15466fe3aa45       1392  ray::core::worker::TaskEventBufferImpl::FlushEvents()
[36m(PoolActor pid=16356)[0m     @     0x15466fdc6a0c       1488  ray::core::CoreWorker::Disconnect()
[36m(PoolActor pid=16356)[0m     @     0x15466fdc6dbd       1152  ray::core::CoreWorker::ForceExit()
[36m(PoolActor pid=16356)[0m     @     0x15466fdc71ef       1680  ray::core::CoreWorker::HandleKillActor()
[36m(PoolActor pid=16356)[0m     @     0x15466fdbe6f4        192  ray::rpc::ServerCallImpl<>::HandleRequestImpl()
[36m(PoolActor pid=16356)[0m     @     0x15467010d128       1168  EventTracker::RecordExecution()
[36m(PoolActor pid=16356)[0m     @     0x1546701080fe         48  std::_Function_handler<>::_M_invoke()
[36m(PoolActor pid=16356)[0m     @     0x154670108576        112  boost::asio::detail::completion_handler<>::do_complete()
[36m(PoolActor pid=16356)[0m     @     0x1546706ddcbb        128  boost::asio::detail::scheduler::do_run_one()
[36m(PoolActor pid=16356)[0m     @     0x1546706df639        288  boost::asio::detail::scheduler::run()
[36m(PoolActor pid=16356)[0m     @     0x1546706dfd42         96  boost::asio::io_context::run()
[36m(PoolActor pid=16365)[0m *** SIGSEGV received at time=1741527622 on cpu 6 ***[32m [repeated 9x across cluster][0m
[36m(PoolActor pid=16365)[0m PC: @     0x14be28161cfe  (unknown)  ray::gcs::TaskInfoAccessor::AsyncAddTaskEventData()[32m [repeated 9x across cluster][0m
[36m(PoolActor pid=16365)[0m     @     0x14be36de0d10       1792  (unknown)[32m [repeated 9x across cluster][0m
[36m(PoolActor pid=16365)[0m     @     0x14be28044a45       1392  ray::core::worker::TaskEventBufferImpl::FlushEvents()[32m [repeated 9x across cluster][0m
[36m(PoolActor pid=16365)[0m     @     0x14be27fd0a0c       1488  ray::core::CoreWorker::Disconnect()[32m [repeated 9x across cluster][0m
[36m(PoolActor pid=16365)[0m     @     0x14be27fd0dbd       1152  ray::core::CoreWorker::ForceExit()[32m [repeated 9x across cluster][0m
[36m(PoolActor pid=16365)[0m     @     0x14be27fd11ef       1680  ray::core::CoreWorker::HandleKillActor()[32m [repeated 9x across cluster][0m
[36m(PoolActor pid=16365)[0m     @     0x14be27fc86f4        192  ray::rpc::ServerCallImpl<>::HandleRequestImpl()[32m [repeated 9x across cluster][0m
[36m(PoolActor pid=16365)[0m     @     0x14be28317128       1168  EventTracker::RecordExecution()[32m [repeated 9x across cluster][0m
[36m(PoolActor pid=16365)[0m     @     0x14be283120fe         48  std::_Function_handler<>::_M_invoke()[32m [repeated 9x across cluster][0m
[36m(PoolActor pid=16365)[0m     @     0x14be28312576        112  boost::asio::detail::completion_handler<>::do_complete()[32m [repeated 9x across cluster][0m
[36m(PoolActor pid=16365)[0m     @     0x14be288e7cbb        128  boost::asio::detail::scheduler::do_run_one()[32m [repeated 9x across cluster][0m
[36m(PoolActor pid=16365)[0m     @     0x14be288e9639        288  boost::asio::detail::scheduler::run()[32m [repeated 9x across cluster][0m
[36m(PoolActor pid=16365)[0m     @     0x14be288e9d42         96  boost::asio::io_context::run()[32m [repeated 9x across cluster][0m
Map: room_64_64_16 requires 25 runs
Map: warehouse_10_20_10_2_2 requires 25 runs
Warning: No valid agent numbers for empty_8_8, using maximum number of agents 32
Map: empty_8_8 requires 25 runs
Map: random_64_64_10 requires 25 runs
Map: den312d requires 25 runs
Map: maze_128_128_10 requires 25 runs
Map: ost003d requires 25 runs
Map: maze_32_32_4 requires 25 runs
Map: Berlin_1_256 requires 25 runs
Map: maze_32_32_2 requires 25 runs
Map: maze_128_128_1 requires 25 runs
Map: lt_gallowstemplar_n requires 25 runs
Map: ht_mansion_n requires 25 runs
Map: maze_128_128_2 requires 25 runs
Map: lak303d requires 25 runs
Map: warehouse_20_40_10_2_2 requires 25 runs
Map: empty_32_32 requires 25 runs
Map: empty_48_48 requires 25 runs
Map: room_32_32_4 requires 25 runs
Map: random_32_32_20 requires 25 runs
Map: random_32_32_10 requires 25 runs
Map: ht_chantry requires 25 runs
Map: den520d requires 25 runs
Map: Paris_1_256 requires 25 runs
Map: Boston_0_256 requires 25 runs
Map: empty_16_16 requires 25 runs
Map: warehouse_20_40_10_2_1 requires 25 runs
Map: random_64_64_20 requires 25 runs
Map: warehouse_10_20_10_2_1 requires 25 runs
Map: room_64_64_8 requires 25 runs
[36m(checkIfRunNextAgents pid=13087)[0m Completed map: room_64_64_16, agentNum: 50, combined_df: (25, 44)
[36m(checkIfRunNextAgents pid=13087)[0m 25 25 50 room_64_64_16
[36m(checkIfRunNextAgents pid=13087)[0m Completed map: warehouse_10_20_10_2_2, agentNum: 50, combined_df: (25, 44)
[36m(checkIfRunNextAgents pid=13087)[0m 25 25 50 warehouse_10_20_10_2_2
[36m(checkIfRunNextAgents pid=12456)[0m 25 25 50 random_64_64_10
[36m(checkIfRunNextAgents pid=12486)[0m 25 25 50 den312d
[36m(checkIfRunNextAgents pid=12458)[0m 25 25 100 room_64_64_16
[36m(checkIfRunNextAgents pid=12458)[0m Finished all agent numbers for map: room_64_64_16
[36m(checkIfRunNextAgents pid=13087)[0m 25 25 50 maze_128_128_10
[36m(checkIfRunNextAgents pid=12484)[0m 25 25 100 random_64_64_10
[36m(checkIfRunNextAgents pid=12461)[0m 25 25 50 ost003d
[36m(checkIfRunNextAgents pid=12486)[0m 25 25 100 den312d
[36m(checkIfRunNextAgents pid=12459)[0m 24 25 32 empty_8_8
[36m(checkIfRunNextAgents pid=12459)[0m Completed map: empty_8_8, agentNum: 32, combined_df: (25, 44)[32m [repeated 8x across cluster] (Ray deduplicates logs by default. Set RAY_DEDUP_LOGS=0 to disable log deduplication, or see https://docs.ray.io/en/master/ray-observability/user-guides/configure-logging.html#log-deduplication for more options.)[0m
[36m(checkIfRunNextAgents pid=12459)[0m 25 25 100 warehouse_10_20_10_2_2
[36m(checkIfRunNextAgents pid=12458)[0m 25 25 50 maze_32_32_4
[36m(checkIfRunNextAgents pid=12456)[0m 25 25 50 Berlin_1_256
[36m(checkIfRunNextAgents pid=12459)[0m Finished all agent numbers for map: warehouse_10_20_10_2_2[32m [repeated 4x across cluster][0m
[36m(checkIfRunNextAgents pid=12458)[0m 25 25 50 maze_32_32_2
[36m(checkIfRunNextAgents pid=13086)[0m 25 25 100 maze_128_128_10
[36m(checkIfRunNextAgents pid=13086)[0m Completed map: maze_128_128_10, agentNum: 100, combined_df: (50, 44)[32m [repeated 5x across cluster][0m
[36m(checkIfRunNextAgents pid=13086)[0m Finished all agent numbers for map: maze_128_128_10
[36m(checkIfRunNextAgents pid=12460)[0m 25 25 100 ost003d
[36m(checkIfRunNextAgents pid=12460)[0m Finished all agent numbers for map: ost003d
[36m(checkIfRunNextAgents pid=14289)[0m Completed map: lt_gallowstemplar_n, agentNum: 50, combined_df: (25, 44)
[36m(checkIfRunNextAgents pid=14289)[0m 25 25 50 lt_gallowstemplar_n
[36m(checkIfRunNextAgents pid=12460)[0m Completed map: ost003d, agentNum: 100, combined_df: (50, 44)
[36m(checkIfRunNextAgents pid=12485)[0m Completed map: ht_mansion_n, agentNum: 50, combined_df: (25, 44)
[36m(checkIfRunNextAgents pid=12485)[0m 25 25 50 ht_mansion_n
[36m(checkIfRunNextAgents pid=12461)[0m Completed map: maze_128_128_1, agentNum: 50, combined_df: (25, 44)
[36m(checkIfRunNextAgents pid=12461)[0m 16 25 50 maze_128_128_1
[36m(checkIfRunNextAgents pid=12460)[0m 20 25 100 maze_32_32_4
[36m(checkIfRunNextAgents pid=12460)[0m Finished all agent numbers for map: maze_32_32_4
[36m(checkIfRunNextAgents pid=12459)[0m 25 25 50 lak303d
[36m(checkIfRunNextAgents pid=12459)[0m Completed map: lak303d, agentNum: 50, combined_df: (25, 44)[32m [repeated 2x across cluster][0m
[36m(checkIfRunNextAgents pid=13716)[0m 25 25 50 warehouse_20_40_10_2_2
[36m(checkIfRunNextAgents pid=12456)[0m 25 25 50 empty_32_32
[36m(checkIfRunNextAgents pid=12459)[0m 25 25 50 room_32_32_4
[36m(checkIfRunNextAgents pid=14877)[0m 25 25 50 empty_48_48
[36m(checkIfRunNextAgents pid=12486)[0m 25 25 50 random_32_32_20
[36m(checkIfRunNextAgents pid=12458)[0m 25 25 50 random_32_32_10
[36m(checkIfRunNextAgents pid=12461)[0m Completed map: ht_chantry, agentNum: 50, combined_df: (25, 44)
[36m(checkIfRunNextAgents pid=12461)[0m 25 25 50 ht_chantry
[36m(checkIfRunNextAgents pid=12458)[0m Completed map: random_32_32_10, agentNum: 50, combined_df: (25, 44)[32m [repeated 6x across cluster][0m
[36m(checkIfRunNextAgents pid=13087)[0m 25 25 100 Berlin_1_256
[36m(checkIfRunNextAgents pid=13087)[0m Finished all agent numbers for map: Berlin_1_256
[36m(checkIfRunNextAgents pid=14289)[0m 25 25 50 den520d
[36m(checkIfRunNextAgents pid=12485)[0m 25 25 50 Paris_1_256
[36m(checkIfRunNextAgents pid=12485)[0m Completed map: Paris_1_256, agentNum: 50, combined_df: (25, 44)[32m [repeated 3x across cluster][0m
[36m(checkIfRunNextAgents pid=12456)[0m 25 25 50 Boston_0_256
[36m(checkIfRunNextAgents pid=14877)[0m 25 25 50 empty_16_16
[36m(checkIfRunNextAgents pid=14877)[0m 25 25 50 warehouse_20_40_10_2_1
[36m(checkIfRunNextAgents pid=14877)[0m Completed map: warehouse_20_40_10_2_1, agentNum: 50, combined_df: (25, 44)[32m [repeated 3x across cluster][0m
[36m(checkIfRunNextAgents pid=14289)[0m 25 25 50 random_64_64_20
[36m(checkIfRunNextAgents pid=14289)[0m 25 25 50 warehouse_10_20_10_2_1
[36m(checkIfRunNextAgents pid=12485)[0m 25 25 50 room_64_64_8
[36m(checkIfRunNextAgents pid=12486)[0m Completed map: empty_32_32, agentNum: 100, combined_df: (50, 44)[32m [repeated 4x across cluster][0m
[36m(checkIfRunNextAgents pid=12486)[0m 25 25 100 empty_32_32
[36m(checkIfRunNextAgents pid=12486)[0m Finished all agent numbers for map: empty_32_32
[36m(checkIfRunNextAgents pid=12459)[0m 25 25 100 empty_48_48
[36m(checkIfRunNextAgents pid=12456)[0m 25 25 100 empty_16_16
[36m(checkIfRunNextAgents pid=12461)[0m 25 25 100 random_32_32_20
[36m(checkIfRunNextAgents pid=14877)[0m Completed map: lt_gallowstemplar_n, agentNum: 100, combined_df: (50, 44)
[36m(checkIfRunNextAgents pid=14877)[0m 25 25 100 lt_gallowstemplar_n
[36m(checkIfRunNextAgents pid=14877)[0m Finished all agent numbers for map: lt_gallowstemplar_n
[36m(checkIfRunNextAgents pid=12456)[0m Completed map: ht_mansion_n, agentNum: 100, combined_df: (50, 44)
[36m(checkIfRunNextAgents pid=12456)[0m 25 25 100 ht_mansion_n
[36m(checkIfRunNextAgents pid=12456)[0m Finished all agent numbers for map: ht_mansion_n
[36m(checkIfRunNextAgents pid=12458)[0m 25 25 100 random_32_32_10
[36m(checkIfRunNextAgents pid=12458)[0m Completed map: random_32_32_10, agentNum: 100, combined_df: (50, 44)[32m [repeated 4x across cluster][0m
[36m(checkIfRunNextAgents pid=12458)[0m Finished all agent numbers for map: random_32_32_10[32m [repeated 4x across cluster][0m
[36m(checkIfRunNextAgents pid=13716)[0m 21 25 100 maze_32_32_2
[36m(checkIfRunNextAgents pid=12486)[0m 25 25 100 lak303d
[36m(checkIfRunNextAgents pid=12486)[0m Completed map: lak303d, agentNum: 100, combined_df: (50, 44)[32m [repeated 2x across cluster][0m
[36m(checkIfRunNextAgents pid=12486)[0m Finished all agent numbers for map: lak303d[32m [repeated 2x across cluster][0m
[36m(checkIfRunNextAgents pid=13716)[0m 25 25 100 warehouse_20_40_10_2_2
[36m(checkIfRunNextAgents pid=13716)[0m 25 25 100 warehouse_20_40_10_2_1
[36m(checkIfRunNextAgents pid=13716)[0m 1 25 100 maze_128_128_1
[36m(checkIfRunNextAgents pid=13716)[0m Early terminating as only succeeded 1/25 for 100 agents on map maze_128_128_1
[36m(checkIfRunNextAgents pid=14877)[0m Completed map: Boston_0_256, agentNum: 100, combined_df: (50, 44)[32m [repeated 4x across cluster][0m
[36m(checkIfRunNextAgents pid=13716)[0m Finished all agent numbers for map: warehouse_20_40_10_2_1[32m [repeated 2x across cluster][0m
[36m(checkIfRunNextAgents pid=14877)[0m 25 25 100 Boston_0_256
[36m(checkIfRunNextAgents pid=12458)[0m 25 25 100 Paris_1_256
[36m(checkIfRunNextAgents pid=14877)[0m Completed map: ht_chantry, agentNum: 100, combined_df: (50, 44)
[36m(checkIfRunNextAgents pid=14877)[0m 25 25 100 ht_chantry
[36m(checkIfRunNextAgents pid=14877)[0m Finished all agent numbers for map: ht_chantry
[36m(checkIfRunNextAgents pid=15700)[0m 25 25 100 room_32_32_4
[36m(checkIfRunNextAgents pid=12485)[0m 25 25 100 random_64_64_20
[36m(checkIfRunNextAgents pid=14877)[0m 25 25 100 den520d
[36m(checkIfRunNextAgents pid=13716)[0m 25 25 100 room_64_64_8
[36m(checkIfRunNextAgents pid=12486)[0m 25 25 100 warehouse_10_20_10_2_1
[36m(checkIfRunNextAgents pid=12486)[0m 24 25 50 maze_128_128_2
[36m(checkIfRunNextAgents pid=12485)[0m Completed map: maze_128_128_2, agentNum: 100, combined_df: (50, 44)[32m [repeated 8x across cluster][0m
[36m(checkIfRunNextAgents pid=12486)[0m Finished all agent numbers for map: warehouse_10_20_10_2_1[32m [repeated 7x across cluster][0m
[36m(checkIfRunNextAgents pid=12485)[0m 19 25 100 maze_128_128_2
------------ Finished eecbs Calls in :122.568 seconds
------------ Finished Data Manipulator in :65.347 seconds
[36m(checkIfRunNextAgents pid=12485)[0m Finished all agent numbers for map: maze_128_128_2
2025-03-09 09:40:28,622	INFO worker.py:1841 -- Started a local Ray instance.
Map: room_64_64_16 requires 25 runs
Map: warehouse_10_20_10_2_2 requires 25 runs
Map: empty_8_8 requires 25 runs
Map: random_64_64_10 requires 25 runs
Map: den312d requires 25 runs
Map: maze_128_128_10 requires 25 runs
Map: ost003d requires 25 runs
Map: maze_32_32_4 requires 25 runs
Map: Berlin_1_256 requires 25 runs
Map: maze_32_32_2 requires 25 runs
Map: maze_128_128_1 requires 25 runs
Map: lt_gallowstemplar_n requires 25 runs
Map: ht_mansion_n requires 25 runs
Map: maze_128_128_2 requires 25 runs
Map: lak303d requires 25 runs
Map: warehouse_20_40_10_2_2 requires 25 runs
Map: empty_32_32 requires 25 runs
Map: empty_48_48 requires 25 runs
Map: room_32_32_4 requires 25 runs
Map: random_32_32_20 requires 25 runs
Map: random_32_32_10 requires 25 runs
Map: ht_chantry requires 25 runs
Map: den520d requires 25 runs
Map: Paris_1_256 requires 25 runs
Map: Boston_0_256 requires 25 runs
Map: empty_16_16 requires 25 runs
Map: warehouse_20_40_10_2_1 requires 25 runs
Map: random_64_64_20 requires 25 runs
Map: warehouse_10_20_10_2_1 requires 25 runs
Map: room_64_64_8 requires 25 runs
[36m(checkIfRunNextAgents pid=17813)[0m Finished all scens for map: room_64_64_16
[36m(checkIfRunNextAgents pid=17813)[0m Finished all scens for map: warehouse_10_20_10_2_2[32m [repeated 2x across cluster] (Ray deduplicates logs by default. Set RAY_DEDUP_LOGS=0 to disable log deduplication, or see https://docs.ray.io/en/master/ray-observability/user-guides/configure-logging.html#log-deduplication for more options.)[0m
[36m(checkIfRunNextAgents pid=17806)[0m Finished all scens for map: random_64_64_10
[36m(checkIfRunNextAgents pid=17811)[0m Finished all scens for map: den312d
[36m(checkIfRunNextAgents pid=17806)[0m Finished all scens for map: maze_128_128_10
[36m(checkIfRunNextAgents pid=17811)[0m Finished all scens for map: maze_32_32_4
[36m(checkIfRunNextAgents pid=17813)[0m Finished all scens for map: ost003d
[36m(checkIfRunNextAgents pid=23431)[0m Finished all scens for map: maze_32_32_2
[36m(checkIfRunNextAgents pid=23431)[0m Finished all scens for map: Berlin_1_256
[36m(checkIfRunNextAgents pid=17811)[0m Finished all scens for map: maze_128_128_1
[36m(checkIfRunNextAgents pid=20146)[0m Finished all scens for map: lt_gallowstemplar_n
[36m(checkIfRunNextAgents pid=22672)[0m Finished all scens for map: ht_mansion_n
[36m(checkIfRunNextAgents pid=17811)[0m Finished all scens for map: lak303d
[36m(checkIfRunNextAgents pid=31592)[0m Finished all scens for map: empty_32_32
[36m(checkIfRunNextAgents pid=22672)[0m Finished all scens for map: warehouse_20_40_10_2_2
[36m(checkIfRunNextAgents pid=22672)[0m Finished all scens for map: empty_48_48
[36m(checkIfRunNextAgents pid=23431)[0m Finished all scens for map: room_32_32_4
[36m(checkIfRunNextAgents pid=31592)[0m Finished all scens for map: random_32_32_10[32m [repeated 2x across cluster][0m
[36m(checkIfRunNextAgents pid=17811)[0m Finished all scens for map: maze_128_128_2
[36m(checkIfRunNextAgents pid=27575)[0m Finished all scens for map: ht_chantry
[36m(checkIfRunNextAgents pid=22672)[0m Finished all scens for map: den520d
[36m(checkIfRunNextAgents pid=37611)[0m Finished all scens for map: Paris_1_256
[36m(checkIfRunNextAgents pid=28203)[0m Finished all scens for map: empty_16_16
[36m(checkIfRunNextAgents pid=36414)[0m Finished all scens for map: Boston_0_256
[36m(checkIfRunNextAgents pid=28203)[0m Finished all scens for map: warehouse_20_40_10_2_1
[36m(checkIfRunNextAgents pid=17810)[0m Finished all scens for map: random_64_64_20
[36m(checkIfRunNextAgents pid=32221)[0m Finished all scens for map: warehouse_10_20_10_2_1
------------ Finished eecbs Calls in :2097.642 seconds
[36m(checkIfRunNextAgents pid=41100)[0m Finished all scens for map: room_64_64_8
------------ Finished Data Manipulator in :21.900 seconds
multi input: None, multi output: None

eecbs_batchrunner: 00:03:52

constants_generator: 00:35:45
