Num cores: 1
Skipping: /ocean/projects/cis240049p/mliu13/data/logs/EXP_med/iter0/eecbs_npzs/random_64_64_10_paths.npz
Skipping: /ocean/projects/cis240049p/mliu13/data/logs/EXP_med/iter0/eecbs_npzs/Berlin_1_256_paths.npz
Skipping: /ocean/projects/cis240049p/mliu13/data/logs/EXP_med/iter0/eecbs_npzs/empty_16_16_paths.npz
Skipping: /ocean/projects/cis240049p/mliu13/data/logs/EXP_med/iter0/eecbs_npzs/warehouse_20_40_10_2_1_paths.npz
Skipping: /ocean/projects/cis240049p/mliu13/data/logs/EXP_med/iter0/eecbs_npzs/warehouse_10_20_10_2_1_paths.npz
Skipping: /ocean/projects/cis240049p/mliu13/data/logs/EXP_med/iter0/eecbs_npzs/maze_128_128_10_paths.npz
Skipping: /ocean/projects/cis240049p/mliu13/data/logs/EXP_med/iter0/eecbs_npzs/ht_mansion_n_paths.npz
Skipping: /ocean/projects/cis240049p/mliu13/data/logs/EXP_med/iter0/eecbs_npzs/maze_32_32_2_paths.npz
Skipping: /ocean/projects/cis240049p/mliu13/data/logs/EXP_med/iter0/eecbs_npzs/den520d_paths.npz
Skipping: /ocean/projects/cis240049p/mliu13/data/logs/EXP_med/iter0/eecbs_npzs/random_64_64_20_paths.npz
Skipping: /ocean/projects/cis240049p/mliu13/data/logs/EXP_med/iter0/eecbs_npzs/empty_8_8_paths.npz
Skipping: /ocean/projects/cis240049p/mliu13/data/logs/EXP_med/iter0/eecbs_npzs/maze_128_128_2_paths.npz
Skipping: /ocean/projects/cis240049p/mliu13/data/logs/EXP_med/iter0/eecbs_npzs/lak303d_paths.npz
Skipping: /ocean/projects/cis240049p/mliu13/data/logs/EXP_med/iter0/eecbs_npzs/ht_chantry_paths.npz
Skipping: /ocean/projects/cis240049p/mliu13/data/logs/EXP_med/iter0/eecbs_npzs/empty_32_32_paths.npz
Skipping: /ocean/projects/cis240049p/mliu13/data/logs/EXP_med/iter0/eecbs_npzs/lt_gallowstemplar_n_paths.npz
Skipping: /ocean/projects/cis240049p/mliu13/data/logs/EXP_med/iter0/eecbs_npzs/Boston_0_256_paths.npz
Skipping: /ocean/projects/cis240049p/mliu13/data/logs/EXP_med/iter0/eecbs_npzs/random_32_32_20_paths.npz
Skipping: /ocean/projects/cis240049p/mliu13/data/logs/EXP_med/iter0/eecbs_npzs/room_64_64_16_paths.npz
Skipping: /ocean/projects/cis240049p/mliu13/data/logs/EXP_med/iter0/eecbs_npzs/empty_48_48_paths.npz
Skipping: /ocean/projects/cis240049p/mliu13/data/logs/EXP_med/iter0/eecbs_npzs/warehouse_20_40_10_2_2_paths.npz
Skipping: /ocean/projects/cis240049p/mliu13/data/logs/EXP_med/iter0/eecbs_npzs/room_64_64_8_paths.npz
Skipping: /ocean/projects/cis240049p/mliu13/data/logs/EXP_med/iter0/eecbs_npzs/maze_128_128_1_paths.npz
Skipping: /ocean/projects/cis240049p/mliu13/data/logs/EXP_med/iter0/eecbs_npzs/warehouse_10_20_10_2_2_paths.npz
Skipping: /ocean/projects/cis240049p/mliu13/data/logs/EXP_med/iter0/eecbs_npzs/maze_32_32_4_paths.npz
Skipping: /ocean/projects/cis240049p/mliu13/data/logs/EXP_med/iter0/eecbs_npzs/Paris_1_256_paths.npz
Skipping: /ocean/projects/cis240049p/mliu13/data/logs/EXP_med/iter0/eecbs_npzs/random_32_32_10_paths.npz
Skipping: /ocean/projects/cis240049p/mliu13/data/logs/EXP_med/iter0/eecbs_npzs/ost003d_paths.npz
Skipping: /ocean/projects/cis240049p/mliu13/data/logs/EXP_med/iter0/eecbs_npzs/den312d_paths.npz
Skipping: /ocean/projects/cis240049p/mliu13/data/logs/EXP_med/iter0/eecbs_npzs/room_32_32_4_paths.npz
Loading dataset with length:  151896
multi input: 0, multi output: 1

data_loader: 00:01:32
Num cores: 1
Skipping: /ocean/projects/cis240049p/mliu13/data/logs/EXP_med/iter0/eecbs_npzs/random_64_64_10_paths.npz
Skipping: /ocean/projects/cis240049p/mliu13/data/logs/EXP_med/iter0/eecbs_npzs/Berlin_1_256_paths.npz
Skipping: /ocean/projects/cis240049p/mliu13/data/logs/EXP_med/iter0/eecbs_npzs/empty_16_16_paths.npz
Skipping: /ocean/projects/cis240049p/mliu13/data/logs/EXP_med/iter0/eecbs_npzs/warehouse_20_40_10_2_1_paths.npz
Skipping: /ocean/projects/cis240049p/mliu13/data/logs/EXP_med/iter0/eecbs_npzs/warehouse_10_20_10_2_1_paths.npz
Skipping: /ocean/projects/cis240049p/mliu13/data/logs/EXP_med/iter0/eecbs_npzs/maze_128_128_10_paths.npz
Skipping: /ocean/projects/cis240049p/mliu13/data/logs/EXP_med/iter0/eecbs_npzs/ht_mansion_n_paths.npz
Skipping: /ocean/projects/cis240049p/mliu13/data/logs/EXP_med/iter0/eecbs_npzs/maze_32_32_2_paths.npz
Skipping: /ocean/projects/cis240049p/mliu13/data/logs/EXP_med/iter0/eecbs_npzs/den520d_paths.npz
Skipping: /ocean/projects/cis240049p/mliu13/data/logs/EXP_med/iter0/eecbs_npzs/random_64_64_20_paths.npz
Skipping: /ocean/projects/cis240049p/mliu13/data/logs/EXP_med/iter0/eecbs_npzs/empty_8_8_paths.npz
Skipping: /ocean/projects/cis240049p/mliu13/data/logs/EXP_med/iter0/eecbs_npzs/maze_128_128_2_paths.npz
Skipping: /ocean/projects/cis240049p/mliu13/data/logs/EXP_med/iter0/eecbs_npzs/lak303d_paths.npz
Skipping: /ocean/projects/cis240049p/mliu13/data/logs/EXP_med/iter0/eecbs_npzs/ht_chantry_paths.npz
Skipping: /ocean/projects/cis240049p/mliu13/data/logs/EXP_med/iter0/eecbs_npzs/empty_32_32_paths.npz
Skipping: /ocean/projects/cis240049p/mliu13/data/logs/EXP_med/iter0/eecbs_npzs/lt_gallowstemplar_n_paths.npz
Skipping: /ocean/projects/cis240049p/mliu13/data/logs/EXP_med/iter0/eecbs_npzs/Boston_0_256_paths.npz
Skipping: /ocean/projects/cis240049p/mliu13/data/logs/EXP_med/iter0/eecbs_npzs/random_32_32_20_paths.npz
Skipping: /ocean/projects/cis240049p/mliu13/data/logs/EXP_med/iter0/eecbs_npzs/room_64_64_16_paths.npz
Skipping: /ocean/projects/cis240049p/mliu13/data/logs/EXP_med/iter0/eecbs_npzs/empty_48_48_paths.npz
Skipping: /ocean/projects/cis240049p/mliu13/data/logs/EXP_med/iter0/eecbs_npzs/warehouse_20_40_10_2_2_paths.npz
Skipping: /ocean/projects/cis240049p/mliu13/data/logs/EXP_med/iter0/eecbs_npzs/room_64_64_8_paths.npz
Skipping: /ocean/projects/cis240049p/mliu13/data/logs/EXP_med/iter0/eecbs_npzs/maze_128_128_1_paths.npz
Skipping: /ocean/projects/cis240049p/mliu13/data/logs/EXP_med/iter0/eecbs_npzs/warehouse_10_20_10_2_2_paths.npz
Skipping: /ocean/projects/cis240049p/mliu13/data/logs/EXP_med/iter0/eecbs_npzs/maze_32_32_4_paths.npz
Skipping: /ocean/projects/cis240049p/mliu13/data/logs/EXP_med/iter0/eecbs_npzs/Paris_1_256_paths.npz
Skipping: /ocean/projects/cis240049p/mliu13/data/logs/EXP_med/iter0/eecbs_npzs/random_32_32_10_paths.npz
Skipping: /ocean/projects/cis240049p/mliu13/data/logs/EXP_med/iter0/eecbs_npzs/ost003d_paths.npz
Skipping: /ocean/projects/cis240049p/mliu13/data/logs/EXP_med/iter0/eecbs_npzs/den312d_paths.npz
Skipping: /ocean/projects/cis240049p/mliu13/data/logs/EXP_med/iter0/eecbs_npzs/room_32_32_4_paths.npz
Loading dataset with length:  151896
multi input: 3, multi output: 1

data_loader: 00:00:02
