Traceback (most recent call last):
  File "/ocean/projects/cis240049p/mliu13/.conda/envs/gnn-mapf-dev2/lib/python3.10/runpy.py", line 196, in _run_module_as_main
    return _run_code(code, main_globals, None,
  File "/ocean/projects/cis240049p/mliu13/.conda/envs/gnn-mapf-dev2/lib/python3.10/runpy.py", line 86, in _run_code
    exec(code, run_globals)
  File "/jet/home/mliu13/gnn-mapf/data_collection/maze_generator.py", line 198, in <module>
    scen_data = generate_scens(maze, args)
  File "/jet/home/mliu13/gnn-mapf/data_collection/maze_generator.py", line 120, in generate_scens
    if skip_octile_bfs:
NameError: name 'skip_octile_bfs' is not defined
Maze generated in 0.0165s
Scen start goal pairs generated in 0.0269s
Traceback (most recent call last):
  File "/ocean/projects/cis240049p/mliu13/.conda/envs/gnn-mapf-dev2/lib/python3.10/runpy.py", line 196, in _run_module_as_main
    return _run_code(code, main_globals, None,
  File "/ocean/projects/cis240049p/mliu13/.conda/envs/gnn-mapf-dev2/lib/python3.10/runpy.py", line 86, in _run_code
    exec(code, run_globals)
  File "/jet/home/mliu13/gnn-mapf/data_collection/maze_generator.py", line 198, in <module>
    scen_data = generate_scens(maze, args)
  File "/jet/home/mliu13/gnn-mapf/data_collection/maze_generator.py", line 120, in generate_scens
    if skip_octile_bfs:
NameError: name 'skip_octile_bfs' is not defined
Maze generated in 0.0008s
Scen start goal pairs generated in 0.0109s
Traceback (most recent call last):
  File "/ocean/projects/cis240049p/mliu13/.conda/envs/gnn-mapf-dev2/lib/python3.10/runpy.py", line 196, in _run_module_as_main
    return _run_code(code, main_globals, None,
  File "/ocean/projects/cis240049p/mliu13/.conda/envs/gnn-mapf-dev2/lib/python3.10/runpy.py", line 86, in _run_code
    exec(code, run_globals)
  File "/jet/home/mliu13/gnn-mapf/data_collection/maze_generator.py", line 198, in <module>
    scen_data = generate_scens(maze, args)
  File "/jet/home/mliu13/gnn-mapf/data_collection/maze_generator.py", line 120, in generate_scens
    if skip_octile_bfs:
NameError: name 'skip_octile_bfs' is not defined
Maze generated in 0.0004s
Scen start goal pairs generated in 0.0134s
