2025-03-09 04:44:45,136	INFO worker.py:1841 -- Started a local Ray instance.
Map: room_64_64_16 requires 25 runs
Map: warehouse_10_20_10_2_2 requires 25 runs
Warning: No valid agent numbers for empty_8_8, using maximum number of agents 32
Map: empty_8_8 requires 25 runs
Map: random_64_64_10 requires 25 runs
Map: den312d requires 25 runs
Map: maze_128_128_10 requires 25 runs
Map: ost003d requires 25 runs
Map: maze_32_32_4 requires 25 runs
Map: Berlin_1_256 requires 25 runs
Map: maze_32_32_2 requires 25 runs
Map: maze_128_128_1 requires 25 runs
Map: lt_gallowstemplar_n requires 25 runs
Map: ht_mansion_n requires 25 runs
Map: maze_128_128_2 requires 25 runs
Map: lak303d requires 25 runs
Map: warehouse_20_40_10_2_2 requires 25 runs
Map: empty_32_32 requires 25 runs
Map: empty_48_48 requires 25 runs
Map: room_32_32_4 requires 25 runs
Map: random_32_32_20 requires 25 runs
Map: random_32_32_10 requires 25 runs
Map: ht_chantry requires 25 runs
Map: den520d requires 25 runs
Map: Paris_1_256 requires 25 runs
Map: Boston_0_256 requires 25 runs
Map: empty_16_16 requires 25 runs
Map: warehouse_20_40_10_2_1 requires 25 runs
Map: random_64_64_20 requires 25 runs
Map: warehouse_10_20_10_2_1 requires 25 runs
Map: room_64_64_8 requires 25 runs
[36m(checkIfRunNextAgents pid=4295)[0m Completed map: room_64_64_16, agentNum: 50, combined_df: (25, 44)
[36m(checkIfRunNextAgents pid=4295)[0m 25 25 50 room_64_64_16
[36m(checkIfRunNextAgents pid=3499)[0m 25 25 50 warehouse_10_20_10_2_2
[36m(checkIfRunNextAgents pid=3499)[0m 25 25 50 random_64_64_10
[36m(checkIfRunNextAgents pid=4295)[0m 25 25 50 den312d
[36m(checkIfRunNextAgents pid=3492)[0m 25 25 100 room_64_64_16
[36m(checkIfRunNextAgents pid=3492)[0m Finished all agent numbers for map: room_64_64_16
[36m(checkIfRunNextAgents pid=3499)[0m 25 25 50 maze_128_128_10
[36m(checkIfRunNextAgents pid=3493)[0m 25 25 100 den312d
[36m(checkIfRunNextAgents pid=3497)[0m 25 25 100 warehouse_10_20_10_2_2
[36m(checkIfRunNextAgents pid=4295)[0m 25 25 100 random_64_64_10
[36m(checkIfRunNextAgents pid=4814)[0m 25 25 50 ost003d
[36m(checkIfRunNextAgents pid=4814)[0m Completed map: ost003d, agentNum: 50, combined_df: (25, 44)[32m [repeated 9x across cluster] (Ray deduplicates logs by default. Set RAY_DEDUP_LOGS=0 to disable log deduplication, or see https://docs.ray.io/en/master/ray-observability/user-guides/configure-logging.html#log-deduplication for more options.)[0m
[36m(checkIfRunNextAgents pid=3498)[0m 24 25 32 empty_8_8
[36m(checkIfRunNextAgents pid=3494)[0m 25 25 50 maze_32_32_4
[36m(checkIfRunNextAgents pid=3498)[0m Finished all agent numbers for map: empty_8_8[32m [repeated 4x across cluster][0m
[36m(checkIfRunNextAgents pid=3492)[0m 25 25 100 maze_128_128_10
[36m(checkIfRunNextAgents pid=3494)[0m 25 25 50 Berlin_1_256
[36m(checkIfRunNextAgents pid=3494)[0m Completed map: Berlin_1_256, agentNum: 50, combined_df: (25, 44)[32m [repeated 4x across cluster][0m
[36m(checkIfRunNextAgents pid=3494)[0m 25 25 50 maze_32_32_2
[36m(checkIfRunNextAgents pid=3496)[0m 25 25 100 ost003d
[36m(checkIfRunNextAgents pid=3496)[0m Finished all agent numbers for map: ost003d[32m [repeated 2x across cluster][0m
[36m(checkIfRunNextAgents pid=3496)[0m Completed map: ost003d, agentNum: 100, combined_df: (50, 44)[32m [repeated 2x across cluster][0m
[36m(checkIfRunNextAgents pid=3499)[0m 20 25 100 maze_32_32_4
[36m(checkIfRunNextAgents pid=3499)[0m Finished all agent numbers for map: maze_32_32_4
[36m(checkIfRunNextAgents pid=3499)[0m Completed map: maze_32_32_4, agentNum: 100, combined_df: (50, 44)
[36m(checkIfRunNextAgents pid=3491)[0m Completed map: Berlin_1_256, agentNum: 100, combined_df: (50, 44)
[36m(checkIfRunNextAgents pid=3491)[0m 25 25 100 Berlin_1_256
[36m(checkIfRunNextAgents pid=3491)[0m Finished all agent numbers for map: Berlin_1_256
[36m(checkIfRunNextAgents pid=3496)[0m Completed map: lt_gallowstemplar_n, agentNum: 50, combined_df: (25, 44)
[36m(checkIfRunNextAgents pid=3496)[0m 25 25 50 lt_gallowstemplar_n
[36m(checkIfRunNextAgents pid=4103)[0m Completed map: ht_mansion_n, agentNum: 50, combined_df: (25, 44)
[36m(checkIfRunNextAgents pid=4103)[0m 25 25 50 ht_mansion_n
[36m(checkIfRunNextAgents pid=3497)[0m Completed map: maze_128_128_1, agentNum: 50, combined_df: (25, 44)
[36m(checkIfRunNextAgents pid=3497)[0m 16 25 50 maze_128_128_1
[36m(checkIfRunNextAgents pid=4103)[0m 25 25 50 lak303d
[36m(checkIfRunNextAgents pid=4103)[0m Completed map: lak303d, agentNum: 50, combined_df: (25, 44)
[36m(checkIfRunNextAgents pid=4103)[0m Completed map: warehouse_20_40_10_2_2, agentNum: 50, combined_df: (25, 44)
[36m(checkIfRunNextAgents pid=4103)[0m 25 25 50 warehouse_20_40_10_2_2
[36m(checkIfRunNextAgents pid=3491)[0m 21 25 100 maze_32_32_2
[36m(checkIfRunNextAgents pid=3491)[0m Finished all agent numbers for map: maze_32_32_2
[36m(checkIfRunNextAgents pid=3491)[0m 25 25 50 empty_32_32
[36m(checkIfRunNextAgents pid=3491)[0m 25 25 50 empty_48_48
[36m(checkIfRunNextAgents pid=3498)[0m 25 25 50 room_32_32_4
[36m(checkIfRunNextAgents pid=4103)[0m 25 25 50 random_32_32_20
[36m(checkIfRunNextAgents pid=3497)[0m 25 25 50 random_32_32_10
[36m(checkIfRunNextAgents pid=3493)[0m Completed map: ht_chantry, agentNum: 50, combined_df: (25, 44)
[36m(checkIfRunNextAgents pid=3493)[0m 25 25 50 ht_chantry
[36m(checkIfRunNextAgents pid=4814)[0m 25 25 50 den520d
[36m(checkIfRunNextAgents pid=4814)[0m Completed map: den520d, agentNum: 50, combined_df: (25, 44)[32m [repeated 7x across cluster][0m
[36m(checkIfRunNextAgents pid=3497)[0m 25 25 50 Paris_1_256
[36m(checkIfRunNextAgents pid=3497)[0m 25 25 50 empty_16_16
[36m(checkIfRunNextAgents pid=3497)[0m Completed map: empty_16_16, agentNum: 50, combined_df: (25, 44)[32m [repeated 2x across cluster][0m
[36m(checkIfRunNextAgents pid=3491)[0m 25 25 50 Boston_0_256
[36m(checkIfRunNextAgents pid=3492)[0m 25 25 50 warehouse_20_40_10_2_1
[36m(checkIfRunNextAgents pid=3491)[0m 25 25 50 random_64_64_20
[36m(checkIfRunNextAgents pid=3493)[0m Completed map: lt_gallowstemplar_n, agentNum: 100, combined_df: (50, 44)
[36m(checkIfRunNextAgents pid=3493)[0m 25 25 100 lt_gallowstemplar_n
[36m(checkIfRunNextAgents pid=3493)[0m Finished all agent numbers for map: lt_gallowstemplar_n
[36m(checkIfRunNextAgents pid=3497)[0m 25 25 50 warehouse_10_20_10_2_1
[36m(checkIfRunNextAgents pid=3491)[0m 25 25 50 room_64_64_8
[36m(checkIfRunNextAgents pid=3491)[0m Completed map: ht_mansion_n, agentNum: 100, combined_df: (50, 44)
[36m(checkIfRunNextAgents pid=3491)[0m 25 25 100 ht_mansion_n
[36m(checkIfRunNextAgents pid=3491)[0m Finished all agent numbers for map: ht_mansion_n
[36m(checkIfRunNextAgents pid=6228)[0m 25 25 100 empty_32_32
[36m(checkIfRunNextAgents pid=6228)[0m Finished all agent numbers for map: empty_32_32
[36m(checkIfRunNextAgents pid=6228)[0m Completed map: empty_32_32, agentNum: 100, combined_df: (50, 44)[32m [repeated 6x across cluster][0m
[36m(checkIfRunNextAgents pid=3491)[0m 25 25 100 empty_48_48
[36m(checkIfRunNextAgents pid=3492)[0m 25 25 100 room_32_32_4
[36m(checkIfRunNextAgents pid=3497)[0m Completed map: ht_chantry, agentNum: 100, combined_df: (50, 44)
[36m(checkIfRunNextAgents pid=3492)[0m Finished all agent numbers for map: room_32_32_4[32m [repeated 2x across cluster][0m
[36m(checkIfRunNextAgents pid=3492)[0m Completed map: room_32_32_4, agentNum: 100, combined_df: (50, 44)[32m [repeated 2x across cluster][0m
[36m(checkIfRunNextAgents pid=3497)[0m 25 25 100 ht_chantry
[36m(checkIfRunNextAgents pid=3497)[0m Finished all agent numbers for map: ht_chantry
[36m(checkIfRunNextAgents pid=3491)[0m 25 25 100 random_32_32_10
[36m(checkIfRunNextAgents pid=3496)[0m 1 25 100 maze_128_128_1
[36m(checkIfRunNextAgents pid=3496)[0m Early terminating as only succeeded 1/25 for 100 agents on map maze_128_128_1
[36m(checkIfRunNextAgents pid=3497)[0m 25 25 100 lak303d
[36m(checkIfRunNextAgents pid=3497)[0m Finished all agent numbers for map: lak303d[32m [repeated 2x across cluster][0m
[36m(checkIfRunNextAgents pid=3492)[0m Completed map: Boston_0_256, agentNum: 100, combined_df: (50, 44)[32m [repeated 4x across cluster][0m
[36m(checkIfRunNextAgents pid=3492)[0m 25 25 100 Boston_0_256
[36m(checkIfRunNextAgents pid=3491)[0m 25 25 100 den520d
[36m(checkIfRunNextAgents pid=4103)[0m 25 25 100 warehouse_20_40_10_2_1
[36m(checkIfRunNextAgents pid=4814)[0m 25 25 100 random_64_64_20
[36m(checkIfRunNextAgents pid=3496)[0m 25 25 100 Paris_1_256
[36m(checkIfRunNextAgents pid=3496)[0m Finished all agent numbers for map: Paris_1_256[32m [repeated 5x across cluster][0m
[36m(checkIfRunNextAgents pid=3496)[0m Completed map: Paris_1_256, agentNum: 100, combined_df: (50, 44)[32m [repeated 4x across cluster][0m
[36m(checkIfRunNextAgents pid=3496)[0m 25 25 100 empty_16_16
[36m(checkIfRunNextAgents pid=3494)[0m 25 25 100 room_64_64_8
[36m(checkIfRunNextAgents pid=6992)[0m 25 25 100 random_32_32_20
[36m(checkIfRunNextAgents pid=3493)[0m 25 25 100 warehouse_20_40_10_2_2
[36m(checkIfRunNextAgents pid=4103)[0m 25 25 100 warehouse_10_20_10_2_1
[36m(checkIfRunNextAgents pid=4103)[0m 24 25 50 maze_128_128_2
[36m(checkIfRunNextAgents pid=4103)[0m Finished all agent numbers for map: warehouse_10_20_10_2_1[32m [repeated 5x across cluster][0m
[36m(checkIfRunNextAgents pid=4103)[0m Completed map: maze_128_128_2, agentNum: 50, combined_df: (25, 44)[32m [repeated 6x across cluster][0m
[36m(checkIfRunNextAgents pid=3492)[0m Completed map: maze_128_128_2, agentNum: 100, combined_df: (50, 44)
[36m(checkIfRunNextAgents pid=3492)[0m 19 25 100 maze_128_128_2
[36m(checkIfRunNextAgents pid=3492)[0m Finished all agent numbers for map: maze_128_128_2
------------ Finished eecbs Calls in :132.514 seconds
Skipping: room_64_64_16 as paths npz already exists
Skipping: warehouse_10_20_10_2_2 as paths npz already exists
Skipping: empty_8_8 as paths npz already exists
Skipping: random_64_64_10 as paths npz already exists
Skipping: den312d as paths npz already exists
Skipping: maze_128_128_10 as paths npz already exists
Skipping: ost003d as paths npz already exists
Skipping: maze_32_32_4 as paths npz already exists
Skipping: Berlin_1_256 as paths npz already exists
Skipping: maze_32_32_2 as paths npz already exists
Skipping: maze_128_128_1 as paths npz already exists
Skipping: lt_gallowstemplar_n as paths npz already exists
Skipping: ht_mansion_n as paths npz already exists
Skipping: maze_128_128_2 as paths npz already exists
Skipping: lak303d as paths npz already exists
Skipping: warehouse_20_40_10_2_2 as paths npz already exists
Skipping: empty_32_32 as paths npz already exists
Skipping: empty_48_48 as paths npz already exists
Skipping: room_32_32_4 as paths npz already exists
Skipping: random_32_32_20 as paths npz already exists
Skipping: random_32_32_10 as paths npz already exists
Skipping: ht_chantry as paths npz already exists
Skipping: den520d as paths npz already exists
Skipping: Paris_1_256 as paths npz already exists
Skipping: Boston_0_256 as paths npz already exists
Skipping: empty_16_16 as paths npz already exists
Skipping: warehouse_20_40_10_2_1 as paths npz already exists
Skipping: random_64_64_20 as paths npz already exists
Skipping: warehouse_10_20_10_2_1 as paths npz already exists
Skipping: room_64_64_8 as paths npz already exists
No data manipulator runs as all paths npz files already exist
------------ Finished Data Manipulator in :0.461 seconds
2025-03-09 04:46:48,810	INFO worker.py:1841 -- Started a local Ray instance.
[36m(PoolActor pid=34241)[0m *** SIGSEGV received at time=1741512179 on cpu 6 ***
[36m(PoolActor pid=34241)[0m PC: @     0x145c33334cfe  (unknown)  ray::gcs::TaskInfoAccessor::AsyncAddTaskEventData()
[36m(PoolActor pid=34241)[0m     @     0x145c41fb3d10       1792  (unknown)
[36m(PoolActor pid=34241)[0m     @     0x145c33217a45       1392  ray::core::worker::TaskEventBufferImpl::FlushEvents()
[36m(PoolActor pid=34241)[0m     @     0x145c331a3a0c       1488  ray::core::CoreWorker::Disconnect()
[36m(PoolActor pid=34241)[0m     @     0x145c331a3dbd       1152  ray::core::CoreWorker::ForceExit()
[36m(PoolActor pid=34241)[0m     @     0x145c331a41ef       1680  ray::core::CoreWorker::HandleKillActor()
[36m(PoolActor pid=34241)[0m     @     0x145c3319b6f4        192  ray::rpc::ServerCallImpl<>::HandleRequestImpl()
[36m(PoolActor pid=34241)[0m     @     0x145c334ea128       1168  EventTracker::RecordExecution()
[36m(PoolActor pid=34241)[0m     @     0x145c334e50fe         48  std::_Function_handler<>::_M_invoke()
[36m(PoolActor pid=34241)[0m     @     0x145c334e5576        112  boost::asio::detail::completion_handler<>::do_complete()
[36m(PoolActor pid=34241)[0m     @     0x145c33abacbb        128  boost::asio::detail::scheduler::do_run_one()
[36m(PoolActor pid=34241)[0m     @     0x145c33abc639        288  boost::asio::detail::scheduler::run()
[36m(PoolActor pid=34241)[0m     @     0x145c33abcd42         96  boost::asio::io_context::run()
[36m(PoolActor pid=34241)[0m     @     0x145c330e0b81       1280  ray::core::CoreWorker::RunIOService()
[36m(PoolActor pid=34241)[0m     @     0x145c3359b890         64  thread_proxy
[36m(PoolActor pid=34241)[0m     @     0x145c41fa91ca  (unknown)  start_thread
[36m(PoolActor pid=34241)[0m [2025-03-09 05:22:59,564 E 34241 34734] logging.cc:460: *** SIGSEGV received at time=1741512179 on cpu 6 ***
[36m(PoolActor pid=34241)[0m [2025-03-09 05:22:59,564 E 34241 34734] logging.cc:460: PC: @     0x145c33334cfe  (unknown)  ray::gcs::TaskInfoAccessor::AsyncAddTaskEventData()
[36m(PoolActor pid=34241)[0m [2025-03-09 05:22:59,564 E 34241 34734] logging.cc:460:     @     0x145c41fb3d10       1792  (unknown)
[36m(PoolActor pid=34241)[0m [2025-03-09 05:22:59,564 E 34241 34734] logging.cc:460:     @     0x145c33217a45       1392  ray::core::worker::TaskEventBufferImpl::FlushEvents()
[36m(PoolActor pid=34241)[0m [2025-03-09 05:22:59,564 E 34241 34734] logging.cc:460:     @     0x145c331a3a0c       1488  ray::core::CoreWorker::Disconnect()
[36m(PoolActor pid=34241)[0m [2025-03-09 05:22:59,564 E 34241 34734] logging.cc:460:     @     0x145c331a3dbd       1152  ray::core::CoreWorker::ForceExit()
[36m(PoolActor pid=34241)[0m [2025-03-09 05:22:59,564 E 34241 34734] logging.cc:460:     @     0x145c331a41ef       1680  ray::core::CoreWorker::HandleKillActor()
[36m(PoolActor pid=34241)[0m [2025-03-09 05:22:59,564 E 34241 34734] logging.cc:460:     @     0x145c3319b6f4        192  ray::rpc::ServerCallImpl<>::HandleRequestImpl()
[36m(PoolActor pid=34241)[0m [2025-03-09 05:22:59,564 E 34241 34734] logging.cc:460:     @     0x145c334ea128       1168  EventTracker::RecordExecution()
[36m(PoolActor pid=34241)[0m [2025-03-09 05:22:59,564 E 34241 34734] logging.cc:460:     @     0x145c334e50fe         48  std::_Function_handler<>::_M_invoke()
[36m(PoolActor pid=34241)[0m [2025-03-09 05:22:59,564 E 34241 34734] logging.cc:460:     @     0x145c334e5576        112  boost::asio::detail::completion_handler<>::do_complete()
[36m(PoolActor pid=34241)[0m [2025-03-09 05:22:59,564 E 34241 34734] logging.cc:460:     @     0x145c33abacbb        128  boost::asio::detail::scheduler::do_run_one()
[36m(PoolActor pid=34241)[0m [2025-03-09 05:22:59,564 E 34241 34734] logging.cc:460:     @     0x145c33abc639        288  boost::asio::detail::scheduler::run()
[36m(PoolActor pid=34241)[0m [2025-03-09 05:22:59,564 E 34241 34734] logging.cc:460:     @     0x145c33abcd42         96  boost::asio::io_context::run()
[36m(PoolActor pid=34241)[0m [2025-03-09 05:22:59,564 E 34241 34734] logging.cc:460:     @     0x145c330e0b81       1280  ray::core::CoreWorker::RunIOService()
[36m(PoolActor pid=34241)[0m [2025-03-09 05:22:59,564 E 34241 34734] logging.cc:460:     @     0x145c3359b890         64  thread_proxy
[36m(PoolActor pid=34241)[0m [2025-03-09 05:22:59,564 E 34241 34734] logging.cc:460:     @     0x145c41fa91ca  (unknown)  start_thread
[36m(PoolActor pid=34241)[0m Fatal Python error: Segmentation fault
[36m(PoolActor pid=34241)[0m 
[36m(PoolActor pid=34241)[0m 
[36m(PoolActor pid=34241)[0m Extension modules: msgpack._cmsgpack, google._upb._message, psutil._psutil_linux, psutil._psutil_posix, setproctitle, yaml._yaml, _cffi_backend, ray._raylet, pvectorc, mkl._mklinit, mkl._py_mkl_service, numpy.core._multiarray_umath, numpy.core._multiarray_tests, numpy.linalg.lapack_lite, numpy.linalg._umath_linalg, numpy.fft._pocketfft_internal, numpy.random._common, numpy.random.bit_generator, numpy.random._bounded_integers, numpy.random._mt19937, numpy.random.mtrand, numpy.random._philox, numpy.random._pcg64, numpy.random._sfc64, numpy.random._generator (total: 25)
Map: room_64_64_16 requires 25 runs
Map: warehouse_10_20_10_2_2 requires 25 runs
Map: empty_8_8 requires 25 runs
Map: random_64_64_10 requires 25 runs
Map: den312d requires 25 runs
Map: maze_128_128_10 requires 25 runs
Map: ost003d requires 25 runs
Map: maze_32_32_4 requires 25 runs
Map: Berlin_1_256 requires 25 runs
Map: maze_32_32_2 requires 25 runs
Map: maze_128_128_1 requires 25 runs
Map: lt_gallowstemplar_n requires 25 runs
Map: ht_mansion_n requires 25 runs
Map: maze_128_128_2 requires 25 runs
Map: lak303d requires 25 runs
Map: warehouse_20_40_10_2_2 requires 25 runs
Map: empty_32_32 requires 25 runs
Map: empty_48_48 requires 25 runs
Map: room_32_32_4 requires 25 runs
Map: random_32_32_20 requires 25 runs
Map: random_32_32_10 requires 25 runs
Map: ht_chantry requires 25 runs
Map: den520d requires 25 runs
Map: Paris_1_256 requires 25 runs
Map: Boston_0_256 requires 25 runs
Map: empty_16_16 requires 25 runs
Map: warehouse_20_40_10_2_1 requires 25 runs
Map: random_64_64_20 requires 25 runs
Map: warehouse_10_20_10_2_1 requires 25 runs
Map: room_64_64_8 requires 25 runs
[36m(checkIfRunNextAgents pid=8457)[0m Finished all scens for map: room_64_64_16
[36m(checkIfRunNextAgents pid=8457)[0m Finished all scens for map: warehouse_10_20_10_2_2[32m [repeated 2x across cluster] (Ray deduplicates logs by default. Set RAY_DEDUP_LOGS=0 to disable log deduplication, or see https://docs.ray.io/en/master/ray-observability/user-guides/configure-logging.html#log-deduplication for more options.)[0m
[36m(checkIfRunNextAgents pid=8457)[0m Finished all scens for map: random_64_64_10
[36m(checkIfRunNextAgents pid=8456)[0m Finished all scens for map: den312d
[36m(checkIfRunNextAgents pid=8453)[0m Finished all scens for map: maze_128_128_10
[36m(checkIfRunNextAgents pid=8459)[0m Finished all scens for map: maze_32_32_4
[36m(checkIfRunNextAgents pid=8454)[0m Finished all scens for map: ost003d
[36m(checkIfRunNextAgents pid=13838)[0m Finished all scens for map: maze_32_32_2
[36m(checkIfRunNextAgents pid=13838)[0m Finished all scens for map: Berlin_1_256
[36m(checkIfRunNextAgents pid=15867)[0m Finished all scens for map: maze_128_128_1
[36m(checkIfRunNextAgents pid=11694)[0m Finished all scens for map: lt_gallowstemplar_n
[36m(checkIfRunNextAgents pid=11784)[0m Finished all scens for map: ht_mansion_n
[36m(checkIfRunNextAgents pid=11694)[0m Finished all scens for map: lak303d
[36m(checkIfRunNextAgents pid=15628)[0m Finished all scens for map: empty_32_32
[36m(checkIfRunNextAgents pid=26054)[0m Finished all scens for map: warehouse_20_40_10_2_2
[36m(checkIfRunNextAgents pid=13962)[0m Finished all scens for map: empty_48_48
[36m(checkIfRunNextAgents pid=25854)[0m Finished all scens for map: room_32_32_4
[36m(checkIfRunNextAgents pid=8458)[0m Finished all scens for map: random_32_32_10[32m [repeated 2x across cluster][0m
[36m(checkIfRunNextAgents pid=26151)[0m Finished all scens for map: maze_128_128_2
[36m(checkIfRunNextAgents pid=18335)[0m Finished all scens for map: ht_chantry
[36m(checkIfRunNextAgents pid=13838)[0m Finished all scens for map: den520d
[36m(checkIfRunNextAgents pid=18335)[0m Finished all scens for map: Paris_1_256
[36m(checkIfRunNextAgents pid=8454)[0m Finished all scens for map: empty_16_16
[36m(checkIfRunNextAgents pid=28861)[0m Finished all scens for map: Boston_0_256
[36m(checkIfRunNextAgents pid=8454)[0m Finished all scens for map: warehouse_20_40_10_2_1
[36m(checkIfRunNextAgents pid=31273)[0m Finished all scens for map: random_64_64_20
[36m(checkIfRunNextAgents pid=32311)[0m Finished all scens for map: warehouse_10_20_10_2_1
------------ Finished eecbs Calls in :2098.854 seconds
[36m(checkIfRunNextAgents pid=8458)[0m Finished all scens for map: room_64_64_8
------------ Finished Data Manipulator in :73.867 seconds
multi input: None, multi output: None

eecbs_batchrunner: 00:03:14

constants_generator: 00:36:42
